<?xml version="1.0" encoding="UTF-8"?>
<!-- Generated by org.testng.reporters.JUnitReportReporter -->
<testsuite hostname="AMAV1Q0509154" failures="0" tests="2" name="com.hyr.excel.ReadExcel" time="0.015" errors="0" timestamp="2023-01-28T17:52:20 IST" skipped="0">
  <testcase classname="com.hyr.excel.ReadExcel" name="test" time="0.002"/>
  <system-out/>
  <testcase classname="com.hyr.excel.ReadExcel" name="test" time="0.013"/>
  <system-out/>
</testsuite> <!-- com.hyr.excel.ReadExcel -->
