<?xml version="1.0" encoding="UTF-8"?>
<!-- Generated by org.testng.reporters.JUnitReportReporter -->
<testsuite hostname="AMAV1Q0509154" failures="0" tests="2" name="com.hyr.groups.FirstTest2" time="0.002" errors="0" timestamp="2023-01-29T19:03:07 IST" skipped="0">
  <testcase classname="com.hyr.groups.FirstTest2" name="test2" time="0.001"/>
  <system-out/>
  <testcase classname="com.hyr.groups.FirstTest2" name="test4" time="0.001"/>
  <system-out/>
</testsuite> <!-- com.hyr.groups.FirstTest2 -->
