<?xml version="1.0" encoding="UTF-8"?>
<!-- Generated by org.testng.reporters.JUnitReportReporter -->
<testsuite hostname="AMAV1Q0509154" failures="0" tests="7" name="com.hyr.tests.OrangeHRM" time="56.053" errors="0" timestamp="2023-01-27T15:59:44 IST" skipped="0">
  <testcase classname="com.hyr.tests.OrangeHRM" name="NavigateToMyInfo" time="9.293"/>
  <system-out/>
  <testcase classname="com.hyr.tests.OrangeHRM" name="EnterLoginDetails" time="1.751"/>
  <system-out/>
  <testcase classname="com.hyr.tests.OrangeHRM" name="EnterLoginDetails" time="1.488"/>
  <system-out/>
  <testcase classname="com.hyr.tests.OrangeHRM" name="LaunchApp" time="16.431"/>
  <system-out/>
  <testcase classname="com.hyr.tests.OrangeHRM" name="LaunchApp" time="17.373"/>
  <system-out/>
  <testcase classname="com.hyr.tests.OrangeHRM" name="VerifyMyInfo" time="2.438"/>
  <system-out/>
  <testcase classname="com.hyr.tests.OrangeHRM" name="VerifyLogin" time="7.279"/>
  <system-out/>
</testsuite> <!-- com.hyr.tests.OrangeHRM -->
