<?xml version="1.0" encoding="UTF-8"?>
<!-- Generated by org.testng.reporters.JUnitReportReporter -->
<testsuite hostname="AMAV1Q0509154" failures="0" tests="2" name="com.hyr.tests.dataprovider.ReturnType1DArray" time="0.011" errors="0" timestamp="2023-01-26T14:17:43 IST" skipped="0">
  <testcase classname="com.hyr.tests.dataprovider.ReturnType1DArray" name="login" time="0.002"/>
  <system-out/>
  <testcase classname="com.hyr.tests.dataprovider.ReturnType1DArray" name="login" time="0.009"/>
  <system-out/>
</testsuite> <!-- com.hyr.tests.dataprovider.ReturnType1DArray -->
