<?xml version="1.0" encoding="UTF-8"?>
<!-- Generated by org.testng.reporters.JUnitReportReporter -->
<testsuite hostname="AMAV1Q0509154" failures="0" tests="2" name="com.hyr.groups.FirstTest3" time="0.015" errors="0" timestamp="2023-01-29T19:03:07 IST" skipped="0">
  <testcase classname="com.hyr.groups.FirstTest3" name="test1" time="0.011"/>
  <system-out/>
  <testcase classname="com.hyr.groups.FirstTest3" name="test3" time="0.004"/>
  <system-out/>
</testsuite> <!-- com.hyr.groups.FirstTest3 -->
