<?xml version="1.0" encoding="UTF-8"?>
<!-- Generated by org.testng.reporters.JUnitReportReporter -->
<testsuite hostname="AMAV1Q0509154" failures="0" tests="3" name="com.hyr.tests.dataprovider.ReturnType2DArraywith1DParaminTestMethod" time="0.014" errors="0" timestamp="2023-01-26T13:54:01 IST" skipped="0">
  <testcase classname="com.hyr.tests.dataprovider.ReturnType2DArraywith1DParaminTestMethod" name="test" time="0.002"/>
  <system-out/>
  <testcase classname="com.hyr.tests.dataprovider.ReturnType2DArraywith1DParaminTestMethod" name="test" time="0.003"/>
  <system-out/>
  <testcase classname="com.hyr.tests.dataprovider.ReturnType2DArraywith1DParaminTestMethod" name="test" time="0.009"/>
  <system-out/>
</testsuite> <!-- com.hyr.tests.dataprovider.ReturnType2DArraywith1DParaminTestMethod -->
