<?xml version="1.0" encoding="UTF-8"?>
<!-- Generated by org.testng.reporters.JUnitReportReporter -->
<testsuite hostname="AMAV1Q0509154" failures="0" tests="1" name="com.hyr.retrylogic.FirstTest" time="90.379" errors="0" timestamp="2023-01-27T17:01:02 IST" skipped="0">
  <testcase classname="com.hyr.retrylogic.FirstTest" name="TestGoogle" time="90.379"/>
  <system-out/>
</testsuite> <!-- com.hyr.retrylogic.FirstTest -->
