<?xml version="1.0" encoding="UTF-8"?>
<!-- Generated by org.testng.reporters.JUnitReportReporter -->
<testsuite hostname="AMAV1Q0509154" failures="0" tests="3" name="com.hyr.tests.dataprovider.ReturnTypeIterataorOfObject" time="0.012" errors="0" timestamp="2023-01-26T14:00:11 IST" skipped="0">
  <testcase classname="com.hyr.tests.dataprovider.ReturnTypeIterataorOfObject" name="Test" time="0.002"/>
  <system-out/>
  <testcase classname="com.hyr.tests.dataprovider.ReturnTypeIterataorOfObject" name="Test" time="0.009"/>
  <system-out/>
  <testcase classname="com.hyr.tests.dataprovider.ReturnTypeIterataorOfObject" name="Test" time="0.001"/>
  <system-out/>
</testsuite> <!-- com.hyr.tests.dataprovider.ReturnTypeIterataorOfObject -->
