<?xml version="1.0" encoding="UTF-8"?>
<!-- Generated by org.testng.reporters.JUnitReportReporter -->
<testsuite hostname="AMAV1Q0509154" failures="0" tests="1" name="com.hyr.listeners.FirstTest" time="29.785" errors="0" timestamp="2023-01-27T15:43:58 IST" skipped="0">
  <testcase classname="com.hyr.listeners.FirstTest" name="TestGoogle" time="29.785"/>
  <system-out/>
</testsuite> <!-- com.hyr.listeners.FirstTest -->
