<?xml version="1.0" encoding="UTF-8"?>
<!-- Generated by org.testng.reporters.JUnitReportReporter -->
<testsuite hostname="AMAV1Q0509154" failures="0" tests="4" name="com.hyr.groups.FirstTest" time="0.022" errors="0" timestamp="2023-01-29T19:07:04 IST" skipped="0">
  <testcase classname="com.hyr.groups.FirstTest" name="test3" time="0.001"/>
  <system-out/>
  <testcase classname="com.hyr.groups.FirstTest" name="test2" time="0.002"/>
  <system-out/>
  <testcase classname="com.hyr.groups.FirstTest" name="test1" time="0.017"/>
  <system-out/>
  <testcase classname="com.hyr.groups.FirstTest" name="test4" time="0.002"/>
  <system-out/>
</testsuite> <!-- com.hyr.groups.FirstTest -->
