<?xml version="1.0" encoding="UTF-8"?>
<!-- Generated by org.testng.reporters.JUnitReportReporter -->
<testsuite hostname="AMAV1Q0509154" failures="0" tests="3" name="com.hyr.tests.dataprovider.ReturnType2DArray" time="0.016" errors="0" timestamp="2023-01-26T13:45:13 IST" skipped="0">
  <testcase classname="com.hyr.tests.dataprovider.ReturnType2DArray" name="test" time="0.002"/>
  <system-out/>
  <testcase classname="com.hyr.tests.dataprovider.ReturnType2DArray" name="test" time="0.003"/>
  <system-out/>
  <testcase classname="com.hyr.tests.dataprovider.ReturnType2DArray" name="test" time="0.011"/>
  <system-out/>
</testsuite> <!-- com.hyr.tests.dataprovider.ReturnType2DArray -->
